<?xml version="1.0" encoding="UTF-8"?>
<!-- Generated by org.testng.reporters.JUnitReportReporter -->
<testsuite skipped="0" hostname="LAPTOP-JF89UMLV" name="testcases.HomePageTest" tests="1" failures="0" timestamp="24 Apr 2020 17:23:01 GMT" time="53.678" errors="0">
  <testcase name="clickOnNewContactCreate" time="53.678" classname="testcases.HomePageTest"/>
</testsuite> <!-- testcases.HomePageTest -->
