<?xml version="1.0" encoding="UTF-8"?>
<!-- Generated by org.testng.reporters.JUnitReportReporter -->
<testsuite skipped="0" hostname="LAPTOP-JF89UMLV" name="testcases.LoginPageTest" tests="2" failures="0" timestamp="24 Apr 2020 17:23:01 GMT" time="59.987" errors="0">
  <testcase name="TestCase2" time="13.619" classname="testcases.LoginPageTest"/>
  <testcase name="TestCase1" time="46.368" classname="testcases.LoginPageTest"/>
</testsuite> <!-- testcases.LoginPageTest -->
